Determining if the pthread_create exist failed with the following output:
Change Dir: /root/catkin_ws/build/catkin_simple/CMakeFiles/CMakeTmp

Run Build Command:"/usr/bin/make" "cmTC_f6dce/fast"
/usr/bin/make -f CMakeFiles/cmTC_f6dce.dir/build.make CMakeFiles/cmTC_f6dce.dir/build
make[1]: Entering directory '/root/catkin_ws/build/catkin_simple/CMakeFiles/CMakeTmp'
Building C object CMakeFiles/cmTC_f6dce.dir/CheckSymbolExists.c.o
/usr/bin/cc     -o CMakeFiles/cmTC_f6dce.dir/CheckSymbolExists.c.o   -c /root/catkin_ws/build/catkin_simple/CMakeFiles/CMakeTmp/CheckSymbolExists.c
Linking C executable cmTC_f6dce
/usr/bin/cmake -E cmake_link_script CMakeFiles/cmTC_f6dce.dir/link.txt --verbose=1
/usr/bin/cc       CMakeFiles/cmTC_f6dce.dir/CheckSymbolExists.c.o  -o cmTC_f6dce -rdynamic 
CMakeFiles/cmTC_f6dce.dir/CheckSymbolExists.c.o: In function `main':
CheckSymbolExists.c:(.text+0x16): undefined reference to `pthread_create'
collect2: error: ld returned 1 exit status
CMakeFiles/cmTC_f6dce.dir/build.make:97: recipe for target 'cmTC_f6dce' failed
make[1]: *** [cmTC_f6dce] Error 1
make[1]: Leaving directory '/root/catkin_ws/build/catkin_simple/CMakeFiles/CMakeTmp'
Makefile:126: recipe for target 'cmTC_f6dce/fast' failed
make: *** [cmTC_f6dce/fast] Error 2

File /root/catkin_ws/build/catkin_simple/CMakeFiles/CMakeTmp/CheckSymbolExists.c:
/* */
#include <pthread.h>

int main(int argc, char** argv)
{
  (void)argv;
#ifndef pthread_create
  return ((int*)(&pthread_create))[argc];
#else
  (void)argc;
  return 0;
#endif
}

Determining if the function pthread_create exists in the pthreads failed with the following output:
Change Dir: /root/catkin_ws/build/catkin_simple/CMakeFiles/CMakeTmp

Run Build Command:"/usr/bin/make" "cmTC_b47bd/fast"
/usr/bin/make -f CMakeFiles/cmTC_b47bd.dir/build.make CMakeFiles/cmTC_b47bd.dir/build
make[1]: Entering directory '/root/catkin_ws/build/catkin_simple/CMakeFiles/CMakeTmp'
Building C object CMakeFiles/cmTC_b47bd.dir/CheckFunctionExists.c.o
/usr/bin/cc    -DCHECK_FUNCTION_EXISTS=pthread_create   -o CMakeFiles/cmTC_b47bd.dir/CheckFunctionExists.c.o   -c /usr/share/cmake-3.5/Modules/CheckFunctionExists.c
Linking C executable cmTC_b47bd
/usr/bin/cmake -E cmake_link_script CMakeFiles/cmTC_b47bd.dir/link.txt --verbose=1
/usr/bin/cc   -DCHECK_FUNCTION_EXISTS=pthread_create    CMakeFiles/cmTC_b47bd.dir/CheckFunctionExists.c.o  -o cmTC_b47bd -rdynamic -lpthreads 
/usr/bin/ld: cannot find -lpthreads
collect2: error: ld returned 1 exit status
CMakeFiles/cmTC_b47bd.dir/build.make:97: recipe for target 'cmTC_b47bd' failed
make[1]: *** [cmTC_b47bd] Error 1
make[1]: Leaving directory '/root/catkin_ws/build/catkin_simple/CMakeFiles/CMakeTmp'
Makefile:126: recipe for target 'cmTC_b47bd/fast' failed
make: *** [cmTC_b47bd/fast] Error 2


