[  0%] Built target _piksi_rtk_msgs_generate_messages_check_deps_Dops
[  0%] Built target _piksi_rtk_msgs_generate_messages_check_deps_Heartbeat
[  0%] Built target _piksi_rtk_msgs_generate_messages_check_deps_PosLlhMulti
[  0%] Built target _piksi_rtk_msgs_generate_messages_check_deps_UartState
[  0%] Built target _piksi_rtk_msgs_generate_messages_check_deps_ReceiverState
[  0%] Built target _piksi_rtk_msgs_generate_messages_check_deps_AgeOfCorrections
[  0%] Built target _piksi_rtk_msgs_generate_messages_check_deps_ReceiverState_V2_2_15
[  0%] Built target _piksi_rtk_msgs_generate_messages_check_deps_SettingsReadResp
[  0%] Built target _piksi_rtk_msgs_generate_messages_check_deps_DopsMulti
[  0%] Built target _piksi_rtk_msgs_generate_messages_check_deps_BaselineHeading
[  0%] Built target geometry_msgs_generate_messages_eus
[  0%] Built target _piksi_rtk_msgs_generate_messages_check_deps_TrackingState_V2_2_15
[  0%] Built target _piksi_rtk_msgs_generate_messages_check_deps_BasePosEcef
[  0%] Built target sensor_msgs_generate_messages_eus
[  0%] Built target _piksi_rtk_msgs_generate_messages_check_deps_UartState_V2_3_15
[  0%] Built target _piksi_rtk_msgs_generate_messages_check_deps_PosEcef
[  0%] Built target _piksi_rtk_msgs_generate_messages_check_deps_PosLlh
[  0%] Built target _piksi_rtk_msgs_generate_messages_check_deps_ImuRawMulti
[  0%] Built target _piksi_rtk_msgs_generate_messages_check_deps_BaselineEcef
[  0%] Built target _piksi_rtk_msgs_generate_messages_check_deps_GpsTime
[  0%] Built target _piksi_rtk_msgs_generate_messages_check_deps_ImuAuxMulti
[  0%] Built target _piksi_rtk_msgs_generate_messages_check_deps_SettingsWrite
[  0%] Built target _piksi_rtk_msgs_generate_messages_check_deps_Observation
[  0%] Built target _piksi_rtk_msgs_generate_messages_check_deps_VelNed
[  0%] Built target std_msgs_generate_messages_eus
[  0%] Built target _piksi_rtk_msgs_generate_messages_check_deps_VelEcef
[  0%] Built target _piksi_rtk_msgs_generate_messages_check_deps_SettingsReadReq
[  0%] Built target _piksi_rtk_msgs_generate_messages_check_deps_ReceiverState_V2_3_15
[  0%] Built target _piksi_rtk_msgs_generate_messages_check_deps_Log
[  0%] Built target _piksi_rtk_msgs_generate_messages_check_deps_BaselineNed
[  0%] Built target _piksi_rtk_msgs_generate_messages_check_deps_UtcTimeMulti
[  0%] Built target _piksi_rtk_msgs_generate_messages_check_deps_TrackingState
[  0%] Built target _piksi_rtk_msgs_generate_messages_check_deps_InfoWifiCorrections
[  0%] Built target _piksi_rtk_msgs_generate_messages_check_deps_ReceiverState_V2_4_1
[  0%] Built target _piksi_rtk_msgs_generate_messages_check_deps_MagRaw
[  0%] Built target _piksi_rtk_msgs_generate_messages_check_deps_GpsTimeMulti
[  0%] Built target _piksi_rtk_msgs_generate_messages_check_deps_DeviceMonitor_V2_3_15
[  0%] Built target _piksi_rtk_msgs_generate_messages_check_deps_TrackingState_V2_3_15
[  0%] Built target _piksi_rtk_msgs_generate_messages_check_deps_MeasurementState_V2_4_1
[  0%] Built target _piksi_rtk_msgs_generate_messages_check_deps_BasePosLlh
[  0%] Built target sensor_msgs_generate_messages_nodejs
[  0%] Built target std_msgs_generate_messages_nodejs
[  0%] Built target geometry_msgs_generate_messages_nodejs
[  0%] Built target std_msgs_generate_messages_lisp
[  0%] Built target sensor_msgs_generate_messages_lisp
[  0%] Built target geometry_msgs_generate_messages_lisp
[  0%] Built target geometry_msgs_generate_messages_cpp
[  0%] Built target sensor_msgs_generate_messages_cpp
[  0%] Built target std_msgs_generate_messages_cpp
[  0%] Built target sensor_msgs_generate_messages_py
[  0%] Built target std_msgs_generate_messages_py
[  0%] Built target geometry_msgs_generate_messages_py
[ 20%] Built target piksi_rtk_msgs_generate_messages_eus
[ 40%] Built target piksi_rtk_msgs_generate_messages_nodejs
[ 58%] Built target piksi_rtk_msgs_generate_messages_lisp
[ 78%] Built target piksi_rtk_msgs_generate_messages_cpp
[100%] Built target piksi_rtk_msgs_generate_messages_py
[100%] Built target piksi_rtk_msgs_generate_messages
