[rospy.client][INFO] 2020-04-10 20:38:39,231: init_node, name[/rviz_display], pid[5097]
[xmlrpc][INFO] 2020-04-10 20:38:39,240: XML-RPC server binding to 0.0.0.0:0
[xmlrpc][INFO] 2020-04-10 20:38:39,241: Started XML-RPC server [http://juan:34325/]
[rospy.init][INFO] 2020-04-10 20:38:39,242: ROS Slave URI: [http://juan:34325/]
[rospy.impl.masterslave][INFO] 2020-04-10 20:38:39,242: _ready: http://juan:34325/
[xmlrpc][INFO] 2020-04-10 20:38:39,254: xml rpc node: starting XML-RPC server
[rospy.registration][INFO] 2020-04-10 20:38:39,256: Registering with master node http://tractor:11311/
[rospy.init][INFO] 2020-04-10 20:38:39,342: registered with master
[rospy.rosout][INFO] 2020-04-10 20:38:39,343: initializing /rosout core topic
[rospy.rosout][INFO] 2020-04-10 20:38:39,362: connected to core topic /rosout
[rospy.simtime][INFO] 2020-04-10 20:38:39,374: /use_sim_time is not set, will not subscribe to simulated time [/clock] topic
[rospy.internal][INFO] 2020-04-10 20:38:39,581: topic[/rosout] adding connection to [/rosout], count 0
[rospy.internal][INFO] 2020-04-10 20:38:42,813: topic[/off_path_display] adding connection to [/tractor_viz], count 0
[rospy.core][INFO] 2020-04-10 20:39:10,322: signal_shutdown [signal-2]
[rospy.internal][INFO] 2020-04-10 20:39:10,401: topic[/rosout] removing connection to /rosout
[rospy.internal][INFO] 2020-04-10 20:39:10,402: topic[/off_path_display] removing connection to /tractor_viz
[rospy.impl.masterslave][INFO] 2020-04-10 20:39:10,402: signal-2
[rospy.core][INFO] 2020-04-10 20:39:10,975: signal_shutdown [atexit]
[rospy.client][INFO] 2020-04-10 20:39:17,801: init_node, name[/rviz_display], pid[5203]
[xmlrpc][INFO] 2020-04-10 20:39:17,803: XML-RPC server binding to 0.0.0.0:0
[xmlrpc][INFO] 2020-04-10 20:39:17,810: Started XML-RPC server [http://juan:45455/]
[rospy.impl.masterslave][INFO] 2020-04-10 20:39:17,810: _ready: http://juan:45455/
[rospy.init][INFO] 2020-04-10 20:39:17,811: ROS Slave URI: [http://juan:45455/]
[rospy.registration][INFO] 2020-04-10 20:39:17,813: Registering with master node http://tractor:11311/
[xmlrpc][INFO] 2020-04-10 20:39:17,816: xml rpc node: starting XML-RPC server
[rospy.init][INFO] 2020-04-10 20:39:17,914: registered with master
[rospy.rosout][INFO] 2020-04-10 20:39:17,915: initializing /rosout core topic
[rospy.rosout][INFO] 2020-04-10 20:39:17,929: connected to core topic /rosout
[rospy.simtime][INFO] 2020-04-10 20:39:17,954: /use_sim_time is not set, will not subscribe to simulated time [/clock] topic
[rospy.internal][INFO] 2020-04-10 20:39:18,168: topic[/rosout] adding connection to [/rosout], count 0
[rospy.internal][INFO] 2020-04-10 20:39:19,863: topic[/off_path_display] adding connection to [/tractor_viz], count 0
[rospy.core][INFO] 2020-04-10 20:39:37,075: signal_shutdown [signal-2]
[rospy.internal][INFO] 2020-04-10 20:39:37,130: topic[/rosout] removing connection to /rosout
[rospy.internal][INFO] 2020-04-10 20:39:37,130: topic[/off_path_display] removing connection to /tractor_viz
[rospy.impl.masterslave][INFO] 2020-04-10 20:39:37,130: signal-2
[rospy.core][INFO] 2020-04-10 20:39:37,696: signal_shutdown [atexit]
[rospy.client][INFO] 2020-04-10 20:39:48,362: init_node, name[/rviz_display], pid[5309]
[xmlrpc][INFO] 2020-04-10 20:39:48,363: XML-RPC server binding to 0.0.0.0:0
[xmlrpc][INFO] 2020-04-10 20:39:48,364: Started XML-RPC server [http://juan:42829/]
[rospy.impl.masterslave][INFO] 2020-04-10 20:39:48,364: _ready: http://juan:42829/
[rospy.init][INFO] 2020-04-10 20:39:48,365: ROS Slave URI: [http://juan:42829/]
[rospy.registration][INFO] 2020-04-10 20:39:48,371: Registering with master node http://tractor:11311/
[xmlrpc][INFO] 2020-04-10 20:39:48,371: xml rpc node: starting XML-RPC server
[rospy.init][INFO] 2020-04-10 20:39:48,466: registered with master
[rospy.rosout][INFO] 2020-04-10 20:39:48,466: initializing /rosout core topic
[rospy.rosout][INFO] 2020-04-10 20:39:48,479: connected to core topic /rosout
[rospy.simtime][INFO] 2020-04-10 20:39:48,489: /use_sim_time is not set, will not subscribe to simulated time [/clock] topic
[rospy.internal][INFO] 2020-04-10 20:39:48,704: topic[/rosout] adding connection to [/rosout], count 0
[rospy.internal][INFO] 2020-04-10 20:39:50,708: topic[/off_path_display] adding connection to [/tractor_viz], count 0
[rospy.internal][INFO] 2020-04-10 20:40:36,957: topic[/off_path_error] adding connection to [http://juan:37575/], count 0
[rospy.internal][INFO] 2020-04-10 20:49:50,154: topic[/off_path_display] removing connection to /tractor_viz
[rospy.core][INFO] 2020-04-10 20:53:45,153: signal_shutdown [signal-2]
[rospy.registration][WARNING] 2020-04-10 20:53:45,155: unclean shutdown
Traceback (most recent call last):
  File "/usr/lib/python2.7/dist-packages/rospy/impl/registration.py", line 372, in cleanup
    multi()
  File "/usr/lib/python2.7/xmlrpclib.py", line 1006, in __call__
    return MultiCallIterator(self.__server.system.multicall(marshalled_list))
  File "/usr/lib/python2.7/xmlrpclib.py", line 1243, in __call__
    return self.__send(self.__name, args)
  File "/usr/lib/python2.7/xmlrpclib.py", line 1602, in __request
    verbose=self.__verbose
  File "/usr/lib/python2.7/xmlrpclib.py", line 1283, in request
    return self.single_request(host, handler, request_body, verbose)
  File "/usr/lib/python2.7/xmlrpclib.py", line 1311, in single_request
    self.send_content(h, request_body)
  File "/usr/lib/python2.7/xmlrpclib.py", line 1459, in send_content
    connection.endheaders(request_body)
  File "/usr/lib/python2.7/httplib.py", line 1069, in endheaders
    self._send_output(message_body)
  File "/usr/lib/python2.7/httplib.py", line 907, in _send_output
    self.send(msg)
  File "/usr/lib/python2.7/httplib.py", line 869, in send
    self.connect()
  File "/usr/lib/python2.7/httplib.py", line 846, in connect
    self.timeout, self.source_address)
  File "/usr/lib/python2.7/socket.py", line 575, in create_connection
    raise err
error: [Errno 101] Network is unreachable

[rospy.internal][INFO] 2020-04-10 20:53:45,156: topic[/rosout] removing connection to /rosout
[rospy.internal][INFO] 2020-04-10 20:53:45,157: topic[/off_path_error] removing connection to http://juan:37575/
[rospy.impl.masterslave][INFO] 2020-04-10 20:53:45,157: signal-2
[rospy.internal][WARNING] 2020-04-10 20:53:45,158: Unknown error initiating TCP/IP socket to juan:53805 (http://juan:37575/): Traceback (most recent call last):
  File "/usr/lib/python2.7/dist-packages/rospy/impl/tcpros_base.py", line 558, in connect
    self.local_endpoint = self.socket.getsockname()
AttributeError: 'NoneType' object has no attribute 'getsockname'

[rospy.core][INFO] 2020-04-10 20:53:45,322: signal_shutdown [atexit]
