[rospy.client][INFO] 2019-09-27 21:35:13,350: init_node, name[/odom_to_lla], pid[18034]
[xmlrpc][INFO] 2019-09-27 21:35:13,351: XML-RPC server binding to 0.0.0.0:0
[xmlrpc][INFO] 2019-09-27 21:35:13,352: Started XML-RPC server [http://juan:41215/]
[rospy.init][INFO] 2019-09-27 21:35:13,353: ROS Slave URI: [http://juan:41215/]
[rospy.impl.masterslave][INFO] 2019-09-27 21:35:13,353: _ready: http://juan:41215/
[xmlrpc][INFO] 2019-09-27 21:35:13,355: xml rpc node: starting XML-RPC server
[rospy.registration][INFO] 2019-09-27 21:35:13,356: Registering with master node http://juan:11311/
[rospy.init][INFO] 2019-09-27 21:35:13,454: registered with master
[rospy.rosout][INFO] 2019-09-27 21:35:13,455: initializing /rosout core topic
[rospy.rosout][INFO] 2019-09-27 21:35:13,592: connected to core topic /rosout
[rospy.simtime][INFO] 2019-09-27 21:35:13,596: initializing /clock core topic
[rospy.simtime][INFO] 2019-09-27 21:35:13,604: connected to core topic /clock
[rospy.internal][INFO] 2019-09-27 21:35:13,651: topic[/odom] adding connection to [http://juan:39167/], count 0
[rospy.internal][INFO] 2019-09-27 21:35:13,656: topic[/clock] adding connection to [http://juan:39167/], count 0
[rospy.internal][INFO] 2019-09-27 21:35:14,029: topic[/rosout] adding connection to [/rosout], count 0
[rospy.core][INFO] 2019-09-27 21:41:10,021: signal_shutdown [signal-2]
[rospy.internal][INFO] 2019-09-27 21:41:10,071: topic[/rosout] removing connection to /rosout
[rospy.internal][INFO] 2019-09-27 21:41:10,087: topic[/clock] removing connection to http://juan:39167/
[rospy.internal][INFO] 2019-09-27 21:41:10,087: topic[/odom] removing connection to http://juan:39167/
[rospy.impl.masterslave][INFO] 2019-09-27 21:41:10,093: signal-2
[rospy.core][INFO] 2019-09-27 21:41:10,714: signal_shutdown [atexit]
