[rospy.client][INFO] 2020-04-10 19:48:47,550: init_node, name[/gps_heading], pid[3733]
[xmlrpc][INFO] 2020-04-10 19:48:47,550: XML-RPC server binding to 0.0.0.0:0
[xmlrpc][INFO] 2020-04-10 19:48:47,551: Started XML-RPC server [http://juan:41151/]
[rospy.impl.masterslave][INFO] 2020-04-10 19:48:47,551: _ready: http://juan:41151/
[rospy.init][INFO] 2020-04-10 19:48:47,551: ROS Slave URI: [http://juan:41151/]
[rospy.registration][INFO] 2020-04-10 19:48:47,552: Registering with master node http://tractor:11311/
[xmlrpc][INFO] 2020-04-10 19:48:47,552: xml rpc node: starting XML-RPC server
[rospy.init][INFO] 2020-04-10 19:48:47,652: registered with master
[rospy.rosout][INFO] 2020-04-10 19:48:47,653: initializing /rosout core topic
[rospy.rosout][INFO] 2020-04-10 19:48:47,677: connected to core topic /rosout
[rospy.simtime][INFO] 2020-04-10 19:48:47,695: /use_sim_time is not set, will not subscribe to simulated time [/clock] topic
[rospy.internal][INFO] 2020-04-10 19:48:47,820: topic[/tcpvel] adding connection to [http://juan:45301/], count 0
[rospy.internal][INFO] 2020-04-10 19:48:47,892: topic[/rosout] adding connection to [/rosout], count 0
[rospy.internal][INFO] 2020-04-10 19:48:48,144: topic[/heading] adding connection to [/gps_to_pose_conversion_node], count 0
[rospy.core][INFO] 2020-04-10 19:53:02,493: signal_shutdown [signal-2]
[rospy.internal][INFO] 2020-04-10 19:53:02,548: topic[/rosout] removing connection to /rosout
[rospy.internal][INFO] 2020-04-10 19:53:02,549: topic[/heading] removing connection to /gps_to_pose_conversion_node
[rospy.internal][INFO] 2020-04-10 19:53:02,549: topic[/tcpvel] removing connection to http://juan:45301/
[rospy.impl.masterslave][INFO] 2020-04-10 19:53:02,549: signal-2
[rospy.core][INFO] 2020-04-10 19:53:03,114: signal_shutdown [atexit]
[rospy.client][INFO] 2020-04-10 19:57:44,116: init_node, name[/gps_heading], pid[4055]
[xmlrpc][INFO] 2020-04-10 19:57:44,116: XML-RPC server binding to 0.0.0.0:0
[xmlrpc][INFO] 2020-04-10 19:57:44,117: Started XML-RPC server [http://juan:42257/]
[rospy.init][INFO] 2020-04-10 19:57:44,117: ROS Slave URI: [http://juan:42257/]
[rospy.impl.masterslave][INFO] 2020-04-10 19:57:44,117: _ready: http://juan:42257/
[rospy.registration][INFO] 2020-04-10 19:57:44,118: Registering with master node http://tractor:11311/
[xmlrpc][INFO] 2020-04-10 19:57:44,118: xml rpc node: starting XML-RPC server
[rospy.init][INFO] 2020-04-10 19:57:44,217: registered with master
[rospy.rosout][INFO] 2020-04-10 19:57:44,218: initializing /rosout core topic
[rospy.rosout][INFO] 2020-04-10 19:57:44,247: connected to core topic /rosout
[rospy.simtime][INFO] 2020-04-10 19:57:44,263: /use_sim_time is not set, will not subscribe to simulated time [/clock] topic
[rospy.internal][INFO] 2020-04-10 19:57:44,335: topic[/tcpvel] adding connection to [http://juan:45301/], count 0
[rospy.internal][INFO] 2020-04-10 19:57:44,460: topic[/rosout] adding connection to [/rosout], count 0
[rospy.internal][INFO] 2020-04-10 19:57:44,608: topic[/heading] adding connection to [/gps_to_pose_conversion_node], count 0
[rospy.internal][INFO] 2020-04-10 19:59:12,915: topic[/heading] adding connection to [/rostopic_4177_1586548752641], count 1
[rospy.internal][INFO] 2020-04-10 19:59:21,537: topic[/heading] removing connection to /rostopic_4177_1586548752641
[rospy.core][INFO] 2020-04-10 20:02:04,059: signal_shutdown [signal-2]
[rospy.internal][INFO] 2020-04-10 20:02:04,118: topic[/rosout] removing connection to /rosout
[rospy.internal][INFO] 2020-04-10 20:02:04,120: topic[/heading] removing connection to /gps_to_pose_conversion_node
[rospy.internal][INFO] 2020-04-10 20:02:04,121: topic[/tcpvel] removing connection to http://juan:45301/
[rospy.impl.masterslave][INFO] 2020-04-10 20:02:04,121: signal-2
[rospy.core][INFO] 2020-04-10 20:02:04,737: signal_shutdown [atexit]
[rospy.client][INFO] 2020-04-10 20:02:11,734: init_node, name[/gps_heading], pid[4296]
[xmlrpc][INFO] 2020-04-10 20:02:11,734: XML-RPC server binding to 0.0.0.0:0
[xmlrpc][INFO] 2020-04-10 20:02:11,735: Started XML-RPC server [http://juan:42821/]
[rospy.init][INFO] 2020-04-10 20:02:11,735: ROS Slave URI: [http://juan:42821/]
[rospy.impl.masterslave][INFO] 2020-04-10 20:02:11,735: _ready: http://juan:42821/
[xmlrpc][INFO] 2020-04-10 20:02:11,736: xml rpc node: starting XML-RPC server
[rospy.registration][INFO] 2020-04-10 20:02:11,736: Registering with master node http://tractor:11311/
[rospy.init][INFO] 2020-04-10 20:02:11,835: registered with master
[rospy.rosout][INFO] 2020-04-10 20:02:11,836: initializing /rosout core topic
[rospy.rosout][INFO] 2020-04-10 20:02:11,857: connected to core topic /rosout
[rospy.simtime][INFO] 2020-04-10 20:02:11,871: /use_sim_time is not set, will not subscribe to simulated time [/clock] topic
[rospy.internal][INFO] 2020-04-10 20:02:12,005: topic[/tcpvel] adding connection to [http://juan:45301/], count 0
[rospy.internal][INFO] 2020-04-10 20:02:12,126: topic[/rosout] adding connection to [/rosout], count 0
[rospy.internal][INFO] 2020-04-10 20:02:12,219: topic[/heading] adding connection to [/gps_to_pose_conversion_node], count 0
[rospy.core][INFO] 2020-04-10 20:03:15,444: signal_shutdown [signal-2]
[rospy.internal][INFO] 2020-04-10 20:03:15,519: topic[/rosout] removing connection to /rosout
[rospy.internal][INFO] 2020-04-10 20:03:15,520: topic[/heading] removing connection to /gps_to_pose_conversion_node
[rospy.internal][INFO] 2020-04-10 20:03:15,520: topic[/tcpvel] removing connection to http://juan:45301/
[rospy.impl.masterslave][INFO] 2020-04-10 20:03:15,520: signal-2
[rospy.core][INFO] 2020-04-10 20:03:16,135: signal_shutdown [atexit]
[rospy.client][INFO] 2020-04-10 20:03:20,672: init_node, name[/gps_heading], pid[4428]
[xmlrpc][INFO] 2020-04-10 20:03:20,673: XML-RPC server binding to 0.0.0.0:0
[xmlrpc][INFO] 2020-04-10 20:03:20,673: Started XML-RPC server [http://juan:41649/]
[rospy.impl.masterslave][INFO] 2020-04-10 20:03:20,673: _ready: http://juan:41649/
[rospy.init][INFO] 2020-04-10 20:03:20,673: ROS Slave URI: [http://juan:41649/]
[xmlrpc][INFO] 2020-04-10 20:03:20,674: xml rpc node: starting XML-RPC server
[rospy.registration][INFO] 2020-04-10 20:03:20,674: Registering with master node http://tractor:11311/
[rospy.init][INFO] 2020-04-10 20:03:20,775: registered with master
[rospy.rosout][INFO] 2020-04-10 20:03:20,775: initializing /rosout core topic
[rospy.rosout][INFO] 2020-04-10 20:03:20,811: connected to core topic /rosout
[rospy.simtime][INFO] 2020-04-10 20:03:20,827: /use_sim_time is not set, will not subscribe to simulated time [/clock] topic
[rospy.internal][INFO] 2020-04-10 20:03:20,942: topic[/tcpvel] adding connection to [http://juan:45301/], count 0
[rospy.internal][INFO] 2020-04-10 20:03:20,979: topic[/rosout] adding connection to [/rosout], count 0
[rospy.internal][INFO] 2020-04-10 20:03:21,181: topic[/heading] adding connection to [/gps_to_pose_conversion_node], count 0
[rospy.internal][WARNING] 2020-04-10 20:06:13,051: Unknown error initiating TCP/IP socket to juan:46055 (http://juan:45301/): Traceback (most recent call last):
  File "/usr/lib/python2.7/dist-packages/rospy/impl/tcpros_base.py", line 557, in connect
    self.read_header()
  File "/usr/lib/python2.7/dist-packages/rospy/impl/tcpros_base.py", line 619, in read_header
    self._validate_header(read_ros_handshake_header(sock, self.read_buff, self.protocol.buff_size))
  File "/usr/lib/python2.7/dist-packages/rosgraph/network.py", line 363, in read_ros_handshake_header
    d = sock.recv(buff_size)
error: [Errno 104] Connection reset by peer

[rospy.internal][INFO] 2020-04-10 20:06:13,052: topic[/tcpvel] removing connection to http://juan:45301/
[rospy.core][INFO] 2020-04-10 20:11:11,813: signal_shutdown [signal-2]
[rospy.registration][WARNING] 2020-04-10 20:11:11,817: unclean shutdown
Traceback (most recent call last):
  File "/usr/lib/python2.7/dist-packages/rospy/impl/registration.py", line 372, in cleanup
    multi()
  File "/usr/lib/python2.7/xmlrpclib.py", line 1006, in __call__
    return MultiCallIterator(self.__server.system.multicall(marshalled_list))
  File "/usr/lib/python2.7/xmlrpclib.py", line 1243, in __call__
    return self.__send(self.__name, args)
  File "/usr/lib/python2.7/xmlrpclib.py", line 1602, in __request
    verbose=self.__verbose
  File "/usr/lib/python2.7/xmlrpclib.py", line 1283, in request
    return self.single_request(host, handler, request_body, verbose)
  File "/usr/lib/python2.7/xmlrpclib.py", line 1311, in single_request
    self.send_content(h, request_body)
  File "/usr/lib/python2.7/xmlrpclib.py", line 1459, in send_content
    connection.endheaders(request_body)
  File "/usr/lib/python2.7/httplib.py", line 1069, in endheaders
    self._send_output(message_body)
  File "/usr/lib/python2.7/httplib.py", line 907, in _send_output
    self.send(msg)
  File "/usr/lib/python2.7/httplib.py", line 869, in send
    self.connect()
  File "/usr/lib/python2.7/httplib.py", line 846, in connect
    self.timeout, self.source_address)
  File "/usr/lib/python2.7/socket.py", line 575, in create_connection
    raise err
error: [Errno 101] Network is unreachable

[rospy.internal][INFO] 2020-04-10 20:11:11,817: topic[/rosout] removing connection to /rosout
[rospy.internal][INFO] 2020-04-10 20:11:11,818: topic[/heading] removing connection to /gps_to_pose_conversion_node
[rospy.impl.masterslave][INFO] 2020-04-10 20:11:11,818: signal-2
[rospy.core][INFO] 2020-04-10 20:11:11,950: signal_shutdown [atexit]
