[rospy.client][INFO] 2020-04-10 19:48:47,602: init_node, name[/rviz_display], pid[3746]
[xmlrpc][INFO] 2020-04-10 19:48:47,602: XML-RPC server binding to 0.0.0.0:0
[xmlrpc][INFO] 2020-04-10 19:48:47,603: Started XML-RPC server [http://juan:41661/]
[rospy.init][INFO] 2020-04-10 19:48:47,603: ROS Slave URI: [http://juan:41661/]
[rospy.impl.masterslave][INFO] 2020-04-10 19:48:47,603: _ready: http://juan:41661/
[rospy.registration][INFO] 2020-04-10 19:48:47,604: Registering with master node http://tractor:11311/
[xmlrpc][INFO] 2020-04-10 19:48:47,604: xml rpc node: starting XML-RPC server
[rospy.init][INFO] 2020-04-10 19:48:47,703: registered with master
[rospy.rosout][INFO] 2020-04-10 19:48:47,704: initializing /rosout core topic
[rospy.rosout][INFO] 2020-04-10 19:48:47,724: connected to core topic /rosout
[rospy.simtime][INFO] 2020-04-10 19:48:47,752: /use_sim_time is not set, will not subscribe to simulated time [/clock] topic
[rospy.internal][INFO] 2020-04-10 19:48:48,058: topic[/rosout] adding connection to [/rosout], count 0
[rospy.internal][INFO] 2020-04-10 19:48:50,597: topic[/off_path_display] adding connection to [/tractor_viz], count 0
[rospy.internal][INFO] 2020-04-10 19:50:28,959: topic[/off_path_error] adding connection to [http://juan:36059/], count 0
[rospy.core][INFO] 2020-04-10 19:53:02,489: signal_shutdown [signal-2]
[rospy.internal][INFO] 2020-04-10 19:53:02,541: topic[/rosout] removing connection to /rosout
[rospy.internal][INFO] 2020-04-10 19:53:02,541: topic[/off_path_display] removing connection to /tractor_viz
[rospy.internal][INFO] 2020-04-10 19:53:02,541: topic[/off_path_error] removing connection to http://juan:36059/
[rospy.topics][ERROR] 2020-04-10 19:53:02,542: Traceback (most recent call last):
  File "/usr/lib/python2.7/dist-packages/rospy/topics.py", line 307, in close
    c.close()
  File "/usr/lib/python2.7/dist-packages/rospy/impl/tcpros_base.py", line 807, in close
    self.socket.close()
AttributeError: 'NoneType' object has no attribute 'close'

[rospy.impl.masterslave][INFO] 2020-04-10 19:53:02,542: signal-2
[rospy.internal][WARNING] 2020-04-10 19:53:02,542: Unknown error initiating TCP/IP socket to juan:40759 (http://juan:36059/): Traceback (most recent call last):
  File "/usr/lib/python2.7/dist-packages/rospy/impl/tcpros_base.py", line 557, in connect
    self.read_header()
  File "/usr/lib/python2.7/dist-packages/rospy/impl/tcpros_base.py", line 619, in read_header
    self._validate_header(read_ros_handshake_header(sock, self.read_buff, self.protocol.buff_size))
AttributeError: 'NoneType' object has no attribute 'buff_size'

[rospy.core][INFO] 2020-04-10 19:53:03,121: signal_shutdown [atexit]
[rospy.client][INFO] 2020-04-10 19:57:44,072: init_node, name[/rviz_display], pid[4068]
[xmlrpc][INFO] 2020-04-10 19:57:44,072: XML-RPC server binding to 0.0.0.0:0
[xmlrpc][INFO] 2020-04-10 19:57:44,073: Started XML-RPC server [http://juan:35399/]
[rospy.init][INFO] 2020-04-10 19:57:44,073: ROS Slave URI: [http://juan:35399/]
[rospy.impl.masterslave][INFO] 2020-04-10 19:57:44,073: _ready: http://juan:35399/
[xmlrpc][INFO] 2020-04-10 19:57:44,074: xml rpc node: starting XML-RPC server
[rospy.registration][INFO] 2020-04-10 19:57:44,074: Registering with master node http://tractor:11311/
[rospy.init][INFO] 2020-04-10 19:57:44,173: registered with master
[rospy.rosout][INFO] 2020-04-10 19:57:44,174: initializing /rosout core topic
[rospy.rosout][INFO] 2020-04-10 19:57:44,201: connected to core topic /rosout
[rospy.simtime][INFO] 2020-04-10 19:57:44,219: /use_sim_time is not set, will not subscribe to simulated time [/clock] topic
[rospy.internal][INFO] 2020-04-10 19:57:44,355: topic[/rosout] adding connection to [/rosout], count 0
[rospy.internal][INFO] 2020-04-10 19:57:47,970: topic[/off_path_display] adding connection to [/tractor_viz], count 0
[rospy.internal][INFO] 2020-04-10 19:57:58,160: topic[/off_path_error] adding connection to [http://juan:35363/], count 0
[rospy.core][INFO] 2020-04-10 20:02:04,056: signal_shutdown [signal-2]
[rospy.internal][INFO] 2020-04-10 20:02:04,110: topic[/rosout] removing connection to /rosout
[rospy.internal][INFO] 2020-04-10 20:02:04,110: topic[/off_path_display] removing connection to /tractor_viz
[rospy.internal][INFO] 2020-04-10 20:02:04,111: topic[/off_path_error] removing connection to http://juan:35363/
[rospy.impl.masterslave][INFO] 2020-04-10 20:02:04,111: signal-2
[rospy.core][INFO] 2020-04-10 20:02:04,678: signal_shutdown [atexit]
[rospy.client][INFO] 2020-04-10 20:02:11,662: init_node, name[/rviz_display], pid[4309]
[xmlrpc][INFO] 2020-04-10 20:02:11,662: XML-RPC server binding to 0.0.0.0:0
[xmlrpc][INFO] 2020-04-10 20:02:11,663: Started XML-RPC server [http://juan:46181/]
[rospy.init][INFO] 2020-04-10 20:02:11,663: ROS Slave URI: [http://juan:46181/]
[rospy.impl.masterslave][INFO] 2020-04-10 20:02:11,663: _ready: http://juan:46181/
[xmlrpc][INFO] 2020-04-10 20:02:11,664: xml rpc node: starting XML-RPC server
[rospy.registration][INFO] 2020-04-10 20:02:11,664: Registering with master node http://tractor:11311/
[rospy.init][INFO] 2020-04-10 20:02:11,763: registered with master
[rospy.rosout][INFO] 2020-04-10 20:02:11,764: initializing /rosout core topic
[rospy.rosout][INFO] 2020-04-10 20:02:11,795: connected to core topic /rosout
[rospy.simtime][INFO] 2020-04-10 20:02:11,812: /use_sim_time is not set, will not subscribe to simulated time [/clock] topic
[rospy.internal][INFO] 2020-04-10 20:02:11,980: topic[/off_path_error] adding connection to [http://juan:35363/], count 0
[rospy.internal][INFO] 2020-04-10 20:02:12,126: topic[/rosout] adding connection to [/rosout], count 0
[rospy.internal][INFO] 2020-04-10 20:02:15,033: topic[/off_path_display] adding connection to [/tractor_viz], count 0
[rospy.internal][INFO] 2020-04-10 20:02:55,438: topic[/off_path_display] removing connection to /tractor_viz
[rospy.core][INFO] 2020-04-10 20:03:15,440: signal_shutdown [signal-2]
[rospy.internal][INFO] 2020-04-10 20:03:15,489: topic[/rosout] removing connection to /rosout
[rospy.internal][INFO] 2020-04-10 20:03:15,490: topic[/off_path_error] removing connection to http://juan:35363/
[rospy.impl.masterslave][INFO] 2020-04-10 20:03:15,490: signal-2
[rospy.internal][WARNING] 2020-04-10 20:03:15,491: Unknown error initiating TCP/IP socket to juan:56553 (http://juan:35363/): Traceback (most recent call last):
  File "/usr/lib/python2.7/dist-packages/rospy/impl/tcpros_base.py", line 558, in connect
    self.local_endpoint = self.socket.getsockname()
AttributeError: 'NoneType' object has no attribute 'getsockname'

[rospy.core][INFO] 2020-04-10 20:03:16,105: signal_shutdown [atexit]
[rospy.client][INFO] 2020-04-10 20:03:20,699: init_node, name[/rviz_display], pid[4441]
[xmlrpc][INFO] 2020-04-10 20:03:20,699: XML-RPC server binding to 0.0.0.0:0
[xmlrpc][INFO] 2020-04-10 20:03:20,699: Started XML-RPC server [http://juan:37615/]
[rospy.init][INFO] 2020-04-10 20:03:20,700: ROS Slave URI: [http://juan:37615/]
[rospy.impl.masterslave][INFO] 2020-04-10 20:03:20,700: _ready: http://juan:37615/
[rospy.registration][INFO] 2020-04-10 20:03:20,701: Registering with master node http://tractor:11311/
[xmlrpc][INFO] 2020-04-10 20:03:20,701: xml rpc node: starting XML-RPC server
[rospy.init][INFO] 2020-04-10 20:03:20,800: registered with master
[rospy.rosout][INFO] 2020-04-10 20:03:20,800: initializing /rosout core topic
[rospy.rosout][INFO] 2020-04-10 20:03:20,815: connected to core topic /rosout
[rospy.simtime][INFO] 2020-04-10 20:03:20,828: /use_sim_time is not set, will not subscribe to simulated time [/clock] topic
[rospy.internal][INFO] 2020-04-10 20:03:20,916: topic[/off_path_error] adding connection to [http://juan:35363/], count 0
[rospy.internal][INFO] 2020-04-10 20:03:21,086: topic[/rosout] adding connection to [/rosout], count 0
[rospy.internal][INFO] 2020-04-10 20:03:24,293: topic[/off_path_display] adding connection to [/tractor_viz], count 0
[rospy.internal][INFO] 2020-04-10 20:05:11,003: topic[/off_path_display] removing connection to /tractor_viz
[rospy.core][INFO] 2020-04-10 20:11:11,810: signal_shutdown [signal-2]
[rospy.registration][WARNING] 2020-04-10 20:11:11,817: unclean shutdown
Traceback (most recent call last):
  File "/usr/lib/python2.7/dist-packages/rospy/impl/registration.py", line 372, in cleanup
    multi()
  File "/usr/lib/python2.7/xmlrpclib.py", line 1006, in __call__
    return MultiCallIterator(self.__server.system.multicall(marshalled_list))
  File "/usr/lib/python2.7/xmlrpclib.py", line 1243, in __call__
    return self.__send(self.__name, args)
  File "/usr/lib/python2.7/xmlrpclib.py", line 1602, in __request
    verbose=self.__verbose
  File "/usr/lib/python2.7/xmlrpclib.py", line 1283, in request
    return self.single_request(host, handler, request_body, verbose)
  File "/usr/lib/python2.7/xmlrpclib.py", line 1311, in single_request
    self.send_content(h, request_body)
  File "/usr/lib/python2.7/xmlrpclib.py", line 1459, in send_content
    connection.endheaders(request_body)
  File "/usr/lib/python2.7/httplib.py", line 1069, in endheaders
    self._send_output(message_body)
  File "/usr/lib/python2.7/httplib.py", line 907, in _send_output
    self.send(msg)
  File "/usr/lib/python2.7/httplib.py", line 869, in send
    self.connect()
  File "/usr/lib/python2.7/httplib.py", line 846, in connect
    self.timeout, self.source_address)
  File "/usr/lib/python2.7/socket.py", line 575, in create_connection
    raise err
error: [Errno 101] Network is unreachable

[rospy.internal][INFO] 2020-04-10 20:11:11,818: topic[/rosout] removing connection to /rosout
[rospy.internal][INFO] 2020-04-10 20:11:11,818: topic[/off_path_error] removing connection to http://juan:35363/
[rospy.impl.masterslave][INFO] 2020-04-10 20:11:11,818: signal-2
[rospy.core][INFO] 2020-04-10 20:11:11,982: signal_shutdown [atexit]
