[rospy.client][INFO] 2019-10-03 18:40:20,604: init_node, name[/rostopic_324_1570128020488], pid[324]
[xmlrpc][INFO] 2019-10-03 18:40:20,606: XML-RPC server binding to 0.0.0.0:0
[xmlrpc][INFO] 2019-10-03 18:40:20,609: Started XML-RPC server [http://juan:35545/]
[rospy.impl.masterslave][INFO] 2019-10-03 18:40:20,611: _ready: http://juan:35545/
[rospy.init][INFO] 2019-10-03 18:40:20,612: ROS Slave URI: [http://juan:35545/]
[rospy.registration][INFO] 2019-10-03 18:40:20,614: Registering with master node http://tractor:11311/
[xmlrpc][INFO] 2019-10-03 18:40:20,614: xml rpc node: starting XML-RPC server
[rospy.init][INFO] 2019-10-03 18:40:20,714: registered with master
[rospy.rosout][INFO] 2019-10-03 18:40:20,716: initializing /rosout core topic
[rospy.rosout][INFO] 2019-10-03 18:40:20,754: connected to core topic /rosout
[rospy.simtime][INFO] 2019-10-03 18:40:20,775: /use_sim_time is not set, will not subscribe to simulated time [/clock] topic
[rospy.internal][INFO] 2019-10-03 18:40:21,000: topic[/rosout] adding connection to [/rosout], count 0
[rospy.internal][INFO] 2019-10-03 18:40:21,024: topic[/piksi/gps_time] adding connection to [http://tractor:38741/], count 0
[rospy.core][INFO] 2019-10-03 18:40:44,979: signal_shutdown [signal-2]
[rospy.internal][INFO] 2019-10-03 18:40:45,039: topic[/rosout] removing connection to /rosout
[rospy.internal][INFO] 2019-10-03 18:40:45,040: topic[/piksi/gps_time] removing connection to http://tractor:38741/
[rospy.impl.masterslave][INFO] 2019-10-03 18:40:45,041: signal-2
[rospy.internal][WARNING] 2019-10-03 18:40:45,082: Unknown error initiating TCP/IP socket to tractor:38387 (http://tractor:38741/): Traceback (most recent call last):
  File "/usr/lib/python2.7/dist-packages/rospy/impl/tcpros_base.py", line 558, in connect
    self.local_endpoint = self.socket.getsockname()
AttributeError: 'NoneType' object has no attribute 'getsockname'

[rospy.core][INFO] 2019-10-03 18:40:45,661: signal_shutdown [atexit]
