[rospy.client][INFO] 2020-04-10 16:03:54,923: init_node, name[/rostopic_3091_1586534634886], pid[3091]
[xmlrpc][INFO] 2020-04-10 16:03:54,923: XML-RPC server binding to 0.0.0.0:0
[xmlrpc][INFO] 2020-04-10 16:03:54,924: Started XML-RPC server [http://juan:40285/]
[rospy.init][INFO] 2020-04-10 16:03:54,924: ROS Slave URI: [http://juan:40285/]
[rospy.impl.masterslave][INFO] 2020-04-10 16:03:54,924: _ready: http://juan:40285/
[rospy.registration][INFO] 2020-04-10 16:03:54,925: Registering with master node http://tractor:11311/
[xmlrpc][INFO] 2020-04-10 16:03:54,925: xml rpc node: starting XML-RPC server
[rospy.init][INFO] 2020-04-10 16:03:55,024: registered with master
[rospy.rosout][INFO] 2020-04-10 16:03:55,025: initializing /rosout core topic
[rospy.rosout][INFO] 2020-04-10 16:03:55,035: connected to core topic /rosout
[rospy.simtime][INFO] 2020-04-10 16:03:55,045: /use_sim_time is not set, will not subscribe to simulated time [/clock] topic
[rospy.internal][INFO] 2020-04-10 16:03:55,142: topic[/heading] adding connection to [http://juan:42123/], count 0
[rospy.internal][INFO] 2020-04-10 16:03:55,320: topic[/rosout] adding connection to [/rosout], count 0
[rospy.core][INFO] 2020-04-10 16:07:34,062: signal_shutdown [signal-2]
[rospy.core][INFO] 2020-04-10 16:07:36,885: signal_shutdown [signal-2]
[rospy.registration][WARNING] 2020-04-10 16:07:36,890: unclean shutdown
Traceback (most recent call last):
  File "/usr/lib/python2.7/dist-packages/rospy/impl/registration.py", line 372, in cleanup
    multi()
  File "/usr/lib/python2.7/xmlrpclib.py", line 1006, in __call__
    return MultiCallIterator(self.__server.system.multicall(marshalled_list))
  File "/usr/lib/python2.7/xmlrpclib.py", line 1243, in __call__
    return self.__send(self.__name, args)
  File "/usr/lib/python2.7/xmlrpclib.py", line 1602, in __request
    verbose=self.__verbose
  File "/usr/lib/python2.7/xmlrpclib.py", line 1283, in request
    return self.single_request(host, handler, request_body, verbose)
  File "/usr/lib/python2.7/xmlrpclib.py", line 1311, in single_request
    self.send_content(h, request_body)
  File "/usr/lib/python2.7/xmlrpclib.py", line 1459, in send_content
    connection.endheaders(request_body)
  File "/usr/lib/python2.7/httplib.py", line 1069, in endheaders
    self._send_output(message_body)
  File "/usr/lib/python2.7/httplib.py", line 907, in _send_output
    self.send(msg)
  File "/usr/lib/python2.7/httplib.py", line 869, in send
    self.connect()
  File "/usr/lib/python2.7/httplib.py", line 846, in connect
    self.timeout, self.source_address)
  File "/usr/lib/python2.7/socket.py", line 575, in create_connection
    raise err
error: [Errno 4] Interrupted system call

[rospy.internal][INFO] 2020-04-10 16:07:36,891: topic[/rosout] removing connection to /rosout
[rospy.internal][INFO] 2020-04-10 16:07:36,892: topic[/heading] removing connection to http://juan:42123/
[rospy.impl.masterslave][INFO] 2020-04-10 16:07:36,892: signal-2
[rospy.core][INFO] 2020-04-10 16:07:37,207: signal_shutdown [atexit]
