[rospy.client][INFO] 2020-04-10 14:32:52,959: init_node, name[/rostopic_2354_1586529172918], pid[2354]
[xmlrpc][INFO] 2020-04-10 14:32:52,960: XML-RPC server binding to 0.0.0.0:0
[xmlrpc][INFO] 2020-04-10 14:32:52,960: Started XML-RPC server [http://juan:41719/]
[rospy.init][INFO] 2020-04-10 14:32:52,960: ROS Slave URI: [http://juan:41719/]
[rospy.impl.masterslave][INFO] 2020-04-10 14:32:52,960: _ready: http://juan:41719/
[rospy.registration][INFO] 2020-04-10 14:32:52,961: Registering with master node http://tractor:11311/
[xmlrpc][INFO] 2020-04-10 14:32:52,961: xml rpc node: starting XML-RPC server
[rospy.init][INFO] 2020-04-10 14:32:53,061: registered with master
[rospy.rosout][INFO] 2020-04-10 14:32:53,061: initializing /rosout core topic
[rospy.rosout][INFO] 2020-04-10 14:32:53,095: connected to core topic /rosout
[rospy.simtime][INFO] 2020-04-10 14:32:53,108: /use_sim_time is not set, will not subscribe to simulated time [/clock] topic
[rospy.internal][INFO] 2020-04-10 14:32:53,534: topic[/tcpfix] adding connection to [http://juan:35685/], count 0
[rospy.internal][INFO] 2020-04-10 14:32:53,535: topic[/rosout] adding connection to [/rosout], count 0
[rospy.core][INFO] 2020-04-10 14:35:42,222: signal_shutdown [signal-2]
[rospy.internal][INFO] 2020-04-10 14:35:42,252: topic[/rosout] removing connection to /rosout
[rospy.internal][INFO] 2020-04-10 14:35:42,252: topic[/tcpfix] removing connection to http://juan:35685/
[rospy.internal][WARNING] 2020-04-10 14:35:42,258: Unknown error initiating TCP/IP socket to juan:33759 (http://juan:35685/): Traceback (most recent call last):
  File "/usr/lib/python2.7/dist-packages/rospy/impl/tcpros_base.py", line 557, in connect
    self.read_header()
  File "/usr/lib/python2.7/dist-packages/rospy/impl/tcpros_base.py", line 619, in read_header
    self._validate_header(read_ros_handshake_header(sock, self.read_buff, self.protocol.buff_size))
AttributeError: 'NoneType' object has no attribute 'buff_size'

[rospy.topics][ERROR] 2020-04-10 14:35:42,259: Traceback (most recent call last):
  File "/usr/lib/python2.7/dist-packages/rospy/topics.py", line 307, in close
    c.close()
  File "/usr/lib/python2.7/dist-packages/rospy/impl/tcpros_base.py", line 807, in close
    self.socket.close()
AttributeError: 'NoneType' object has no attribute 'close'

[rospy.impl.masterslave][INFO] 2020-04-10 14:35:42,259: signal-2
[rospy.core][INFO] 2020-04-10 14:35:42,874: signal_shutdown [atexit]
