[rospy.client][INFO] 2020-04-10 15:18:39,265: init_node, name[/rostopic_2671_1586531919229], pid[2671]
[xmlrpc][INFO] 2020-04-10 15:18:39,266: XML-RPC server binding to 0.0.0.0:0
[xmlrpc][INFO] 2020-04-10 15:18:39,266: Started XML-RPC server [http://juan:38805/]
[rospy.init][INFO] 2020-04-10 15:18:39,266: ROS Slave URI: [http://juan:38805/]
[rospy.impl.masterslave][INFO] 2020-04-10 15:18:39,267: _ready: http://juan:38805/
[rospy.registration][INFO] 2020-04-10 15:18:39,267: Registering with master node http://tractor:11311/
[xmlrpc][INFO] 2020-04-10 15:18:39,267: xml rpc node: starting XML-RPC server
[rospy.init][INFO] 2020-04-10 15:18:39,367: registered with master
[rospy.rosout][INFO] 2020-04-10 15:18:39,367: initializing /rosout core topic
[rospy.rosout][INFO] 2020-04-10 15:18:39,379: connected to core topic /rosout
[rospy.simtime][INFO] 2020-04-10 15:18:39,390: /use_sim_time is not set, will not subscribe to simulated time [/clock] topic
[rospy.internal][INFO] 2020-04-10 15:18:39,490: topic[/tcpfix] adding connection to [http://juan:36399/], count 0
[rospy.internal][INFO] 2020-04-10 15:18:39,651: topic[/rosout] adding connection to [/rosout], count 0
[rospy.core][INFO] 2020-04-10 15:18:39,925: signal_shutdown [signal-2]
[rospy.internal][INFO] 2020-04-10 15:18:39,946: topic[/rosout] removing connection to /rosout
[rospy.internal][INFO] 2020-04-10 15:18:39,947: topic[/tcpfix] removing connection to http://juan:36399/
[rospy.internal][WARNING] 2020-04-10 15:18:39,948: Unknown error initiating TCP/IP socket to juan:43727 (http://juan:36399/): Traceback (most recent call last):
  File "/usr/lib/python2.7/dist-packages/rospy/impl/tcpros_base.py", line 557, in connect
    self.read_header()
  File "/usr/lib/python2.7/dist-packages/rospy/impl/tcpros_base.py", line 619, in read_header
    self._validate_header(read_ros_handshake_header(sock, self.read_buff, self.protocol.buff_size))
AttributeError: 'NoneType' object has no attribute 'buff_size'

[rospy.topics][ERROR] 2020-04-10 15:18:39,948: Traceback (most recent call last):
  File "/usr/lib/python2.7/dist-packages/rospy/topics.py", line 307, in close
    c.close()
  File "/usr/lib/python2.7/dist-packages/rospy/impl/tcpros_base.py", line 807, in close
    self.socket.close()
AttributeError: 'NoneType' object has no attribute 'close'

[rospy.impl.masterslave][INFO] 2020-04-10 15:18:39,949: signal-2
[rospy.core][INFO] 2020-04-10 15:18:40,057: signal_shutdown [atexit]
