[rospy.client][INFO] 2019-10-03 18:40:57,976: init_node, name[/rostopic_334_1570128057847], pid[334]
[xmlrpc][INFO] 2019-10-03 18:40:57,978: XML-RPC server binding to 0.0.0.0:0
[xmlrpc][INFO] 2019-10-03 18:40:57,981: Started XML-RPC server [http://juan:41009/]
[rospy.init][INFO] 2019-10-03 18:40:57,983: ROS Slave URI: [http://juan:41009/]
[rospy.impl.masterslave][INFO] 2019-10-03 18:40:57,984: _ready: http://juan:41009/
[rospy.registration][INFO] 2019-10-03 18:40:57,987: Registering with master node http://tractor:11311/
[xmlrpc][INFO] 2019-10-03 18:40:57,987: xml rpc node: starting XML-RPC server
[rospy.init][INFO] 2019-10-03 18:40:58,086: registered with master
[rospy.rosout][INFO] 2019-10-03 18:40:58,087: initializing /rosout core topic
[rospy.rosout][INFO] 2019-10-03 18:40:58,127: connected to core topic /rosout
[rospy.simtime][INFO] 2019-10-03 18:40:58,148: /use_sim_time is not set, will not subscribe to simulated time [/clock] topic
[rospy.internal][INFO] 2019-10-03 18:40:58,375: topic[/rosout] adding connection to [/rosout], count 0
[rospy.internal][INFO] 2019-10-03 18:40:58,379: topic[/piksi/age_of_corrections] adding connection to [http://tractor:38741/], count 0
[rospy.core][INFO] 2019-10-03 18:41:09,637: signal_shutdown [signal-2]
[rospy.internal][INFO] 2019-10-03 18:41:09,728: topic[/rosout] removing connection to /rosout
[rospy.internal][INFO] 2019-10-03 18:41:09,731: topic[/piksi/age_of_corrections] removing connection to http://tractor:38741/
[rospy.impl.masterslave][INFO] 2019-10-03 18:41:09,732: signal-2
[rospy.internal][WARNING] 2019-10-03 18:41:09,737: Unknown error initiating TCP/IP socket to tractor:38387 (http://tractor:38741/): Traceback (most recent call last):
  File "/usr/lib/python2.7/dist-packages/rospy/impl/tcpros_base.py", line 558, in connect
    self.local_endpoint = self.socket.getsockname()
AttributeError: 'NoneType' object has no attribute 'getsockname'

[rospy.core][INFO] 2019-10-03 18:41:10,253: signal_shutdown [atexit]
