[rospy.client][INFO] 2020-04-10 21:07:59,899: init_node, name[/rostopic_5880_1586552879839], pid[5880]
[xmlrpc][INFO] 2020-04-10 21:07:59,900: XML-RPC server binding to 0.0.0.0:0
[xmlrpc][INFO] 2020-04-10 21:07:59,901: Started XML-RPC server [http://juan:37087/]
[rospy.init][INFO] 2020-04-10 21:07:59,901: ROS Slave URI: [http://juan:37087/]
[rospy.impl.masterslave][INFO] 2020-04-10 21:07:59,901: _ready: http://juan:37087/
[xmlrpc][INFO] 2020-04-10 21:07:59,902: xml rpc node: starting XML-RPC server
[rospy.registration][INFO] 2020-04-10 21:07:59,902: Registering with master node http://tractor:11311/
[rospy.init][INFO] 2020-04-10 21:08:00,002: registered with master
[rospy.rosout][INFO] 2020-04-10 21:08:00,002: initializing /rosout core topic
[rospy.rosout][INFO] 2020-04-10 21:08:00,013: connected to core topic /rosout
[rospy.simtime][INFO] 2020-04-10 21:08:00,028: /use_sim_time is not set, will not subscribe to simulated time [/clock] topic
[rospy.internal][INFO] 2020-04-10 21:08:00,126: topic[/gps_transform] adding connection to [http://juan:36135/], count 0
[rospy.internal][INFO] 2020-04-10 21:08:00,235: topic[/rosout] adding connection to [/rosout], count 0
[rospy.core][INFO] 2020-04-10 21:08:13,767: signal_shutdown [signal-2]
[rospy.internal][INFO] 2020-04-10 21:08:13,789: topic[/rosout] removing connection to /rosout
[rospy.internal][INFO] 2020-04-10 21:08:13,790: topic[/gps_transform] removing connection to http://juan:36135/
[rospy.internal][WARNING] 2020-04-10 21:08:13,791: Unknown error initiating TCP/IP socket to juan:42999 (http://juan:36135/): Traceback (most recent call last):
  File "/usr/lib/python2.7/dist-packages/rospy/impl/tcpros_base.py", line 557, in connect
    self.read_header()
  File "/usr/lib/python2.7/dist-packages/rospy/impl/tcpros_base.py", line 619, in read_header
    self._validate_header(read_ros_handshake_header(sock, self.read_buff, self.protocol.buff_size))
AttributeError: 'NoneType' object has no attribute 'buff_size'

[rospy.topics][ERROR] 2020-04-10 21:08:13,796: Traceback (most recent call last):
  File "/usr/lib/python2.7/dist-packages/rospy/topics.py", line 307, in close
    c.close()
  File "/usr/lib/python2.7/dist-packages/rospy/impl/tcpros_base.py", line 807, in close
    self.socket.close()
AttributeError: 'NoneType' object has no attribute 'close'

[rospy.impl.masterslave][INFO] 2020-04-10 21:08:13,796: signal-2
[rospy.core][INFO] 2020-04-10 21:08:14,411: signal_shutdown [atexit]
