Determining if the pthread_create exist failed with the following output:
Change Dir: /root/catkin_ws/build/pochito/CMakeFiles/CMakeTmp

Run Build Command:"/usr/bin/make" "cmTC_9dc1b/fast"
/usr/bin/make -f CMakeFiles/cmTC_9dc1b.dir/build.make CMakeFiles/cmTC_9dc1b.dir/build
make[1]: Entering directory '/root/catkin_ws/build/pochito/CMakeFiles/CMakeTmp'
Building C object CMakeFiles/cmTC_9dc1b.dir/CheckSymbolExists.c.o
/usr/bin/cc     -o CMakeFiles/cmTC_9dc1b.dir/CheckSymbolExists.c.o   -c /root/catkin_ws/build/pochito/CMakeFiles/CMakeTmp/CheckSymbolExists.c
Linking C executable cmTC_9dc1b
/usr/bin/cmake -E cmake_link_script CMakeFiles/cmTC_9dc1b.dir/link.txt --verbose=1
/usr/bin/cc       CMakeFiles/cmTC_9dc1b.dir/CheckSymbolExists.c.o  -o cmTC_9dc1b -rdynamic 
CMakeFiles/cmTC_9dc1b.dir/CheckSymbolExists.c.o: In function `main':
CheckSymbolExists.c:(.text+0x16): undefined reference to `pthread_create'
collect2: error: ld returned 1 exit status
CMakeFiles/cmTC_9dc1b.dir/build.make:97: recipe for target 'cmTC_9dc1b' failed
make[1]: *** [cmTC_9dc1b] Error 1
make[1]: Leaving directory '/root/catkin_ws/build/pochito/CMakeFiles/CMakeTmp'
Makefile:126: recipe for target 'cmTC_9dc1b/fast' failed
make: *** [cmTC_9dc1b/fast] Error 2

File /root/catkin_ws/build/pochito/CMakeFiles/CMakeTmp/CheckSymbolExists.c:
/* */
#include <pthread.h>

int main(int argc, char** argv)
{
  (void)argv;
#ifndef pthread_create
  return ((int*)(&pthread_create))[argc];
#else
  (void)argc;
  return 0;
#endif
}

Determining if the function pthread_create exists in the pthreads failed with the following output:
Change Dir: /root/catkin_ws/build/pochito/CMakeFiles/CMakeTmp

Run Build Command:"/usr/bin/make" "cmTC_6b34e/fast"
/usr/bin/make -f CMakeFiles/cmTC_6b34e.dir/build.make CMakeFiles/cmTC_6b34e.dir/build
make[1]: Entering directory '/root/catkin_ws/build/pochito/CMakeFiles/CMakeTmp'
Building C object CMakeFiles/cmTC_6b34e.dir/CheckFunctionExists.c.o
/usr/bin/cc    -DCHECK_FUNCTION_EXISTS=pthread_create   -o CMakeFiles/cmTC_6b34e.dir/CheckFunctionExists.c.o   -c /usr/share/cmake-3.5/Modules/CheckFunctionExists.c
Linking C executable cmTC_6b34e
/usr/bin/cmake -E cmake_link_script CMakeFiles/cmTC_6b34e.dir/link.txt --verbose=1
/usr/bin/cc   -DCHECK_FUNCTION_EXISTS=pthread_create    CMakeFiles/cmTC_6b34e.dir/CheckFunctionExists.c.o  -o cmTC_6b34e -rdynamic -lpthreads 
/usr/bin/ld: cannot find -lpthreads
collect2: error: ld returned 1 exit status
CMakeFiles/cmTC_6b34e.dir/build.make:97: recipe for target 'cmTC_6b34e' failed
make[1]: *** [cmTC_6b34e] Error 1
make[1]: Leaving directory '/root/catkin_ws/build/pochito/CMakeFiles/CMakeTmp'
Makefile:126: recipe for target 'cmTC_6b34e/fast' failed
make: *** [cmTC_6b34e/fast] Error 2


