Not searching for unused variables given on the command line.
[36m--[0m Using CATKIN_DEVEL_PREFIX: /root/catkin_ws/devel/.private/pure_pursuit
[36m--[0m Using CMAKE_PREFIX_PATH: /root/catkin_ws/devel;/opt/ros/kinetic
[36m--[0m This workspace overlays: /root/catkin_ws/devel;/opt/ros/kinetic
[36m--[0m Using PYTHON_EXECUTABLE: /usr/bin/python
[36m--[0m Using Debian Python package layout
[36m--[0m Using empy: /usr/bin/empy
[36m--[0m Using CATKIN_ENABLE_TESTING: ON
[36m--[0m Call enable_testing()
[36m--[0m Using CATKIN_TEST_RESULTS_DIR: /root/catkin_ws/build/pure_pursuit/test_results
[36m--[0m Found gmock sources under '/usr/src/gmock': gmock will be built
[36m--[0m Found gtest sources under '/usr/src/gmock': gtests will be built
[36m--[0m Using Python nosetests: /usr/bin/nosetests-2.7
[36m--[0m catkin 0.7.18
[36m--[0m BUILD_SHARED_LIBS is on
[36m--[0m Using these message generators: gencpp;geneus;genlisp;gennodejs;genpy
[33m[1mCMake Warning[0m at /opt/ros/kinetic/share/catkin/cmake/catkinConfig.cmake:76 (find_package):
  Could not find a package configuration file provided by "ackermann_msgs"
  with any of the following names:

    ackermann_msgsConfig.cmake
    ackermann_msgs-config.cmake

  Add the installation prefix of "ackermann_msgs" to CMAKE_PREFIX_PATH or set
  "ackermann_msgs_DIR" to a directory containing one of the above files.  If
  "ackermann_msgs" provides a separate development package or SDK, be sure it
  has been installed.
[36mCall Stack (most recent call first):[0m
  CMakeLists.txt:7 (find_package)


[31m[1mCMake Error[0m at /opt/ros/kinetic/share/catkin/cmake/catkinConfig.cmake:83 (find_package):
  Could not find a package configuration file provided by "ackermann_msgs"
  with any of the following names:

    ackermann_msgsConfig.cmake
    ackermann_msgs-config.cmake

  Add the installation prefix of "ackermann_msgs" to CMAKE_PREFIX_PATH or set
  "ackermann_msgs_DIR" to a directory containing one of the above files.  If
  "ackermann_msgs" provides a separate development package or SDK, be sure it
  has been installed.
[36mCall Stack (most recent call first):[0m
  CMakeLists.txt:7 (find_package)


[36m--[0m Could not find the required component 'ackermann_msgs'. The following CMake error indicates that you either need to install the package with the same name or change your environment so that it can be found.
[36m--[0m Configuring incomplete, errors occurred!
See also "/root/catkin_ws/build/pure_pursuit/CMakeFiles/CMakeOutput.log".
See also "/root/catkin_ws/build/pure_pursuit/CMakeFiles/CMakeError.log".
